<?xml version="1.0" encoding="UTF-8"?>
<testng-results ignored="0" total="1" passed="1" failed="0" skipped="0">
  <reporter-output>
  </reporter-output>
  <suite started-at="2025-05-26T18:11:05 IST" name="LoginSuite" finished-at="2025-05-26T18:11:12 IST" duration-ms="6886">
    <groups>
    </groups>
    <test started-at="2025-05-26T18:11:05 IST" name="LoginTest" finished-at="2025-05-26T18:11:12 IST" duration-ms="6886">
      <class name="tests.LoginTest">
        <test-method is-config="true" signature="setUp()[pri:0, instance:tests.LoginTest@1d296da]" started-at="2025-05-26T18:11:05 IST" name="setUp" finished-at="2025-05-26T18:11:10 IST" duration-ms="5008" status="PASS">
          <reporter-output>
          </reporter-output>
        </test-method> <!-- setUp -->
        <test-method signature="testValidLogin()[pri:0, instance:tests.LoginTest@1d296da]" started-at="2025-05-26T18:11:10 IST" name="testValidLogin" finished-at="2025-05-26T18:11:11 IST" duration-ms="1449" status="PASS">
          <reporter-output>
          </reporter-output>
        </test-method> <!-- testValidLogin -->
        <test-method is-config="true" signature="tearDown()[pri:0, instance:tests.LoginTest@1d296da]" started-at="2025-05-26T18:11:11 IST" name="tearDown" finished-at="2025-05-26T18:11:12 IST" duration-ms="366" status="PASS">
          <reporter-output>
          </reporter-output>
        </test-method> <!-- tearDown -->
      </class> <!-- tests.LoginTest -->
    </test> <!-- LoginTest -->
  </suite> <!-- LoginSuite -->
</testng-results>
